<?xml version="1.0" encoding="UTF-8"?>
<testsuite xmlns:xsi="http://www.w3.org/2001/XMLSchema-instance" xsi:noNamespaceSchemaLocation="https://maven.apache.org/surefire/maven-surefire-plugin/xsd/surefire-test-report-3.0.xsd" version="3.0" name="com.teste.integracao.inttest.IntTestApplicationTests" time="1.798" tests="1" errors="0" skipped="0" failures="0">
  <properties>
    <property name="java.specification.version" value="17"/>
    <property name="sun.jnu.encoding" value="UTF-8"/>
    <property name="java.class.path" value="/home/daniel/development/Pessoal/java/int-test/target/test-classes:/home/daniel/development/Pessoal/java/int-test/target/classes:/home/daniel/.m2/repository/org/springframework/boot/spring-boot-starter-web/3.2.1/spring-boot-starter-web-3.2.1.jar:/home/daniel/.m2/repository/org/springframework/boot/spring-boot-starter/3.2.1/spring-boot-starter-3.2.1.jar:/home/daniel/.m2/repository/org/springframework/boot/spring-boot/3.2.1/spring-boot-3.2.1.jar:/home/daniel/.m2/repository/org/springframework/boot/spring-boot-autoconfigure/3.2.1/spring-boot-autoconfigure-3.2.1.jar:/home/daniel/.m2/repository/org/springframework/boot/spring-boot-starter-logging/3.2.1/spring-boot-starter-logging-3.2.1.jar:/home/daniel/.m2/repository/ch/qos/logback/logback-classic/1.4.14/logback-classic-1.4.14.jar:/home/daniel/.m2/repository/ch/qos/logback/logback-core/1.4.14/logback-core-1.4.14.jar:/home/daniel/.m2/repository/org/apache/logging/log4j/log4j-to-slf4j/2.21.1/log4j-to-slf4j-2.21.1.jar:/home/daniel/.m2/repository/org/apache/logging/log4j/log4j-api/2.21.1/log4j-api-2.21.1.jar:/home/daniel/.m2/repository/org/slf4j/jul-to-slf4j/2.0.9/jul-to-slf4j-2.0.9.jar:/home/daniel/.m2/repository/jakarta/annotation/jakarta.annotation-api/2.1.1/jakarta.annotation-api-2.1.1.jar:/home/daniel/.m2/repository/org/yaml/snakeyaml/2.2/snakeyaml-2.2.jar:/home/daniel/.m2/repository/org/springframework/boot/spring-boot-starter-json/3.2.1/spring-boot-starter-json-3.2.1.jar:/home/daniel/.m2/repository/com/fasterxml/jackson/core/jackson-databind/2.15.3/jackson-databind-2.15.3.jar:/home/daniel/.m2/repository/com/fasterxml/jackson/core/jackson-annotations/2.15.3/jackson-annotations-2.15.3.jar:/home/daniel/.m2/repository/com/fasterxml/jackson/core/jackson-core/2.15.3/jackson-core-2.15.3.jar:/home/daniel/.m2/repository/com/fasterxml/jackson/datatype/jackson-datatype-jdk8/2.15.3/jackson-datatype-jdk8-2.15.3.jar:/home/daniel/.m2/repository/com/fasterxml/jackson/datatype/jackson-datatype-jsr310/2.15.3/jackson-datatype-jsr310-2.15.3.jar:/home/daniel/.m2/repository/com/fasterxml/jackson/module/jackson-module-parameter-names/2.15.3/jackson-module-parameter-names-2.15.3.jar:/home/daniel/.m2/repository/org/springframework/boot/spring-boot-starter-tomcat/3.2.1/spring-boot-starter-tomcat-3.2.1.jar:/home/daniel/.m2/repository/org/apache/tomcat/embed/tomcat-embed-core/10.1.17/tomcat-embed-core-10.1.17.jar:/home/daniel/.m2/repository/org/apache/tomcat/embed/tomcat-embed-el/10.1.17/tomcat-embed-el-10.1.17.jar:/home/daniel/.m2/repository/org/apache/tomcat/embed/tomcat-embed-websocket/10.1.17/tomcat-embed-websocket-10.1.17.jar:/home/daniel/.m2/repository/org/springframework/spring-web/6.1.2/spring-web-6.1.2.jar:/home/daniel/.m2/repository/org/springframework/spring-beans/6.1.2/spring-beans-6.1.2.jar:/home/daniel/.m2/repository/io/micrometer/micrometer-observation/1.12.1/micrometer-observation-1.12.1.jar:/home/daniel/.m2/repository/io/micrometer/micrometer-commons/1.12.1/micrometer-commons-1.12.1.jar:/home/daniel/.m2/repository/org/springframework/spring-webmvc/6.1.2/spring-webmvc-6.1.2.jar:/home/daniel/.m2/repository/org/springframework/spring-aop/6.1.2/spring-aop-6.1.2.jar:/home/daniel/.m2/repository/org/springframework/spring-context/6.1.2/spring-context-6.1.2.jar:/home/daniel/.m2/repository/org/springframework/spring-expression/6.1.2/spring-expression-6.1.2.jar:/home/daniel/.m2/repository/org/projectlombok/lombok/1.18.30/lombok-1.18.30.jar:/home/daniel/.m2/repository/org/springframework/boot/spring-boot-starter-test/3.2.1/spring-boot-starter-test-3.2.1.jar:/home/daniel/.m2/repository/org/springframework/boot/spring-boot-test/3.2.1/spring-boot-test-3.2.1.jar:/home/daniel/.m2/repository/org/springframework/boot/spring-boot-test-autoconfigure/3.2.1/spring-boot-test-autoconfigure-3.2.1.jar:/home/daniel/.m2/repository/com/jayway/jsonpath/json-path/2.8.0/json-path-2.8.0.jar:/home/daniel/.m2/repository/org/slf4j/slf4j-api/2.0.9/slf4j-api-2.0.9.jar:/home/daniel/.m2/repository/jakarta/xml/bind/jakarta.xml.bind-api/4.0.1/jakarta.xml.bind-api-4.0.1.jar:/home/daniel/.m2/repository/jakarta/activation/jakarta.activation-api/2.1.2/jakarta.activation-api-2.1.2.jar:/home/daniel/.m2/repository/net/minidev/json-smart/2.5.0/json-smart-2.5.0.jar:/home/daniel/.m2/repository/net/minidev/accessors-smart/2.5.0/accessors-smart-2.5.0.jar:/home/daniel/.m2/repository/org/ow2/asm/asm/9.3/asm-9.3.jar:/home/daniel/.m2/repository/org/assertj/assertj-core/3.24.2/assertj-core-3.24.2.jar:/home/daniel/.m2/repository/net/bytebuddy/byte-buddy/1.14.10/byte-buddy-1.14.10.jar:/home/daniel/.m2/repository/org/awaitility/awaitility/4.2.0/awaitility-4.2.0.jar:/home/daniel/.m2/repository/org/hamcrest/hamcrest/2.2/hamcrest-2.2.jar:/home/daniel/.m2/repository/org/junit/jupiter/junit-jupiter/5.10.1/junit-jupiter-5.10.1.jar:/home/daniel/.m2/repository/org/junit/jupiter/junit-jupiter-api/5.10.1/junit-jupiter-api-5.10.1.jar:/home/daniel/.m2/repository/org/opentest4j/opentest4j/1.3.0/opentest4j-1.3.0.jar:/home/daniel/.m2/repository/org/junit/platform/junit-platform-commons/1.10.1/junit-platform-commons-1.10.1.jar:/home/daniel/.m2/repository/org/apiguardian/apiguardian-api/1.1.2/apiguardian-api-1.1.2.jar:/home/daniel/.m2/repository/org/junit/jupiter/junit-jupiter-params/5.10.1/junit-jupiter-params-5.10.1.jar:/home/daniel/.m2/repository/org/junit/jupiter/junit-jupiter-engine/5.10.1/junit-jupiter-engine-5.10.1.jar:/home/daniel/.m2/repository/org/junit/platform/junit-platform-engine/1.10.1/junit-platform-engine-1.10.1.jar:/home/daniel/.m2/repository/org/mockito/mockito-core/5.7.0/mockito-core-5.7.0.jar:/home/daniel/.m2/repository/net/bytebuddy/byte-buddy-agent/1.14.10/byte-buddy-agent-1.14.10.jar:/home/daniel/.m2/repository/org/objenesis/objenesis/3.3/objenesis-3.3.jar:/home/daniel/.m2/repository/org/mockito/mockito-junit-jupiter/5.7.0/mockito-junit-jupiter-5.7.0.jar:/home/daniel/.m2/repository/org/skyscreamer/jsonassert/1.5.1/jsonassert-1.5.1.jar:/home/daniel/.m2/repository/com/vaadin/external/google/android-json/0.0.20131108.vaadin1/android-json-0.0.20131108.vaadin1.jar:/home/daniel/.m2/repository/org/springframework/spring-core/6.1.2/spring-core-6.1.2.jar:/home/daniel/.m2/repository/org/springframework/spring-jcl/6.1.2/spring-jcl-6.1.2.jar:/home/daniel/.m2/repository/org/springframework/spring-test/6.1.2/spring-test-6.1.2.jar:/home/daniel/.m2/repository/org/xmlunit/xmlunit-core/2.9.1/xmlunit-core-2.9.1.jar:/home/daniel/.m2/repository/javax/ws/rs/javax.ws.rs-api/2.1.1/javax.ws.rs-api-2.1.1.jar:/home/daniel/.m2/repository/org/jboss/resteasy/resteasy-client/3.0.2.Final/resteasy-client-3.0.2.Final.jar:/home/daniel/.m2/repository/org/jboss/resteasy/resteasy-jaxrs/3.0.2.Final/resteasy-jaxrs-3.0.2.Final.jar:/home/daniel/.m2/repository/org/jboss/resteasy/jaxrs-api/3.0.2.Final/jaxrs-api-3.0.2.Final.jar:/home/daniel/.m2/repository/org/slf4j/slf4j-simple/2.0.9/slf4j-simple-2.0.9.jar:/home/daniel/.m2/repository/org/scannotation/scannotation/1.0.3/scannotation-1.0.3.jar:/home/daniel/.m2/repository/javassist/javassist/3.12.1.GA/javassist-3.12.1.GA.jar:/home/daniel/.m2/repository/javax/annotation/jsr250-api/1.0/jsr250-api-1.0.jar:/home/daniel/.m2/repository/javax/activation/activation/1.1/activation-1.1.jar:/home/daniel/.m2/repository/org/apache/httpcomponents/httpclient/4.2.1/httpclient-4.2.1.jar:/home/daniel/.m2/repository/org/apache/httpcomponents/httpcore/4.4.16/httpcore-4.4.16.jar:/home/daniel/.m2/repository/commons-logging/commons-logging/1.1.1/commons-logging-1.1.1.jar:/home/daniel/.m2/repository/commons-codec/commons-codec/1.16.0/commons-codec-1.16.0.jar:/home/daniel/.m2/repository/commons-io/commons-io/2.1/commons-io-2.1.jar:/home/daniel/.m2/repository/net/jcip/jcip-annotations/1.0/jcip-annotations-1.0.jar:/home/daniel/.m2/repository/org/jboss/resteasy/resteasy-jackson-provider/2.3.4.Final/resteasy-jackson-provider-2.3.4.Final.jar:/home/daniel/.m2/repository/org/codehaus/jackson/jackson-core-asl/1.8.5/jackson-core-asl-1.8.5.jar:/home/daniel/.m2/repository/org/codehaus/jackson/jackson-mapper-asl/1.8.5/jackson-mapper-asl-1.8.5.jar:/home/daniel/.m2/repository/org/codehaus/jackson/jackson-jaxrs/1.8.5/jackson-jaxrs-1.8.5.jar:/home/daniel/.m2/repository/org/codehaus/jackson/jackson-xc/1.8.5/jackson-xc-1.8.5.jar:"/>
    <property name="java.vm.vendor" value="Azul Systems, Inc."/>
    <property name="sun.arch.data.model" value="64"/>
    <property name="java.vendor.url" value="http://www.azul.com/"/>
    <property name="user.timezone" value="America/Sao_Paulo"/>
    <property name="os.name" value="Linux"/>
    <property name="java.vm.specification.version" value="17"/>
    <property name="sun.java.launcher" value="SUN_STANDARD"/>
    <property name="user.country" value="BR"/>
    <property name="sun.boot.library.path" value="/home/daniel/.sdkman/candidates/java/17.0.3-zulu/lib"/>
    <property name="sun.java.command" value="/home/daniel/development/Pessoal/java/int-test/target/surefire/surefirebooter-20240108224151604_3.jar /home/daniel/development/Pessoal/java/int-test/target/surefire 2024-01-08T22-41-51_552-jvmRun1 surefire-20240108224151604_1tmp surefire_0-20240108224151604_2tmp"/>
    <property name="jdk.debug" value="release"/>
    <property name="surefire.test.class.path" value="/home/daniel/development/Pessoal/java/int-test/target/test-classes:/home/daniel/development/Pessoal/java/int-test/target/classes:/home/daniel/.m2/repository/org/springframework/boot/spring-boot-starter-web/3.2.1/spring-boot-starter-web-3.2.1.jar:/home/daniel/.m2/repository/org/springframework/boot/spring-boot-starter/3.2.1/spring-boot-starter-3.2.1.jar:/home/daniel/.m2/repository/org/springframework/boot/spring-boot/3.2.1/spring-boot-3.2.1.jar:/home/daniel/.m2/repository/org/springframework/boot/spring-boot-autoconfigure/3.2.1/spring-boot-autoconfigure-3.2.1.jar:/home/daniel/.m2/repository/org/springframework/boot/spring-boot-starter-logging/3.2.1/spring-boot-starter-logging-3.2.1.jar:/home/daniel/.m2/repository/ch/qos/logback/logback-classic/1.4.14/logback-classic-1.4.14.jar:/home/daniel/.m2/repository/ch/qos/logback/logback-core/1.4.14/logback-core-1.4.14.jar:/home/daniel/.m2/repository/org/apache/logging/log4j/log4j-to-slf4j/2.21.1/log4j-to-slf4j-2.21.1.jar:/home/daniel/.m2/repository/org/apache/logging/log4j/log4j-api/2.21.1/log4j-api-2.21.1.jar:/home/daniel/.m2/repository/org/slf4j/jul-to-slf4j/2.0.9/jul-to-slf4j-2.0.9.jar:/home/daniel/.m2/repository/jakarta/annotation/jakarta.annotation-api/2.1.1/jakarta.annotation-api-2.1.1.jar:/home/daniel/.m2/repository/org/yaml/snakeyaml/2.2/snakeyaml-2.2.jar:/home/daniel/.m2/repository/org/springframework/boot/spring-boot-starter-json/3.2.1/spring-boot-starter-json-3.2.1.jar:/home/daniel/.m2/repository/com/fasterxml/jackson/core/jackson-databind/2.15.3/jackson-databind-2.15.3.jar:/home/daniel/.m2/repository/com/fasterxml/jackson/core/jackson-annotations/2.15.3/jackson-annotations-2.15.3.jar:/home/daniel/.m2/repository/com/fasterxml/jackson/core/jackson-core/2.15.3/jackson-core-2.15.3.jar:/home/daniel/.m2/repository/com/fasterxml/jackson/datatype/jackson-datatype-jdk8/2.15.3/jackson-datatype-jdk8-2.15.3.jar:/home/daniel/.m2/repository/com/fasterxml/jackson/datatype/jackson-datatype-jsr310/2.15.3/jackson-datatype-jsr310-2.15.3.jar:/home/daniel/.m2/repository/com/fasterxml/jackson/module/jackson-module-parameter-names/2.15.3/jackson-module-parameter-names-2.15.3.jar:/home/daniel/.m2/repository/org/springframework/boot/spring-boot-starter-tomcat/3.2.1/spring-boot-starter-tomcat-3.2.1.jar:/home/daniel/.m2/repository/org/apache/tomcat/embed/tomcat-embed-core/10.1.17/tomcat-embed-core-10.1.17.jar:/home/daniel/.m2/repository/org/apache/tomcat/embed/tomcat-embed-el/10.1.17/tomcat-embed-el-10.1.17.jar:/home/daniel/.m2/repository/org/apache/tomcat/embed/tomcat-embed-websocket/10.1.17/tomcat-embed-websocket-10.1.17.jar:/home/daniel/.m2/repository/org/springframework/spring-web/6.1.2/spring-web-6.1.2.jar:/home/daniel/.m2/repository/org/springframework/spring-beans/6.1.2/spring-beans-6.1.2.jar:/home/daniel/.m2/repository/io/micrometer/micrometer-observation/1.12.1/micrometer-observation-1.12.1.jar:/home/daniel/.m2/repository/io/micrometer/micrometer-commons/1.12.1/micrometer-commons-1.12.1.jar:/home/daniel/.m2/repository/org/springframework/spring-webmvc/6.1.2/spring-webmvc-6.1.2.jar:/home/daniel/.m2/repository/org/springframework/spring-aop/6.1.2/spring-aop-6.1.2.jar:/home/daniel/.m2/repository/org/springframework/spring-context/6.1.2/spring-context-6.1.2.jar:/home/daniel/.m2/repository/org/springframework/spring-expression/6.1.2/spring-expression-6.1.2.jar:/home/daniel/.m2/repository/org/projectlombok/lombok/1.18.30/lombok-1.18.30.jar:/home/daniel/.m2/repository/org/springframework/boot/spring-boot-starter-test/3.2.1/spring-boot-starter-test-3.2.1.jar:/home/daniel/.m2/repository/org/springframework/boot/spring-boot-test/3.2.1/spring-boot-test-3.2.1.jar:/home/daniel/.m2/repository/org/springframework/boot/spring-boot-test-autoconfigure/3.2.1/spring-boot-test-autoconfigure-3.2.1.jar:/home/daniel/.m2/repository/com/jayway/jsonpath/json-path/2.8.0/json-path-2.8.0.jar:/home/daniel/.m2/repository/org/slf4j/slf4j-api/2.0.9/slf4j-api-2.0.9.jar:/home/daniel/.m2/repository/jakarta/xml/bind/jakarta.xml.bind-api/4.0.1/jakarta.xml.bind-api-4.0.1.jar:/home/daniel/.m2/repository/jakarta/activation/jakarta.activation-api/2.1.2/jakarta.activation-api-2.1.2.jar:/home/daniel/.m2/repository/net/minidev/json-smart/2.5.0/json-smart-2.5.0.jar:/home/daniel/.m2/repository/net/minidev/accessors-smart/2.5.0/accessors-smart-2.5.0.jar:/home/daniel/.m2/repository/org/ow2/asm/asm/9.3/asm-9.3.jar:/home/daniel/.m2/repository/org/assertj/assertj-core/3.24.2/assertj-core-3.24.2.jar:/home/daniel/.m2/repository/net/bytebuddy/byte-buddy/1.14.10/byte-buddy-1.14.10.jar:/home/daniel/.m2/repository/org/awaitility/awaitility/4.2.0/awaitility-4.2.0.jar:/home/daniel/.m2/repository/org/hamcrest/hamcrest/2.2/hamcrest-2.2.jar:/home/daniel/.m2/repository/org/junit/jupiter/junit-jupiter/5.10.1/junit-jupiter-5.10.1.jar:/home/daniel/.m2/repository/org/junit/jupiter/junit-jupiter-api/5.10.1/junit-jupiter-api-5.10.1.jar:/home/daniel/.m2/repository/org/opentest4j/opentest4j/1.3.0/opentest4j-1.3.0.jar:/home/daniel/.m2/repository/org/junit/platform/junit-platform-commons/1.10.1/junit-platform-commons-1.10.1.jar:/home/daniel/.m2/repository/org/apiguardian/apiguardian-api/1.1.2/apiguardian-api-1.1.2.jar:/home/daniel/.m2/repository/org/junit/jupiter/junit-jupiter-params/5.10.1/junit-jupiter-params-5.10.1.jar:/home/daniel/.m2/repository/org/junit/jupiter/junit-jupiter-engine/5.10.1/junit-jupiter-engine-5.10.1.jar:/home/daniel/.m2/repository/org/junit/platform/junit-platform-engine/1.10.1/junit-platform-engine-1.10.1.jar:/home/daniel/.m2/repository/org/mockito/mockito-core/5.7.0/mockito-core-5.7.0.jar:/home/daniel/.m2/repository/net/bytebuddy/byte-buddy-agent/1.14.10/byte-buddy-agent-1.14.10.jar:/home/daniel/.m2/repository/org/objenesis/objenesis/3.3/objenesis-3.3.jar:/home/daniel/.m2/repository/org/mockito/mockito-junit-jupiter/5.7.0/mockito-junit-jupiter-5.7.0.jar:/home/daniel/.m2/repository/org/skyscreamer/jsonassert/1.5.1/jsonassert-1.5.1.jar:/home/daniel/.m2/repository/com/vaadin/external/google/android-json/0.0.20131108.vaadin1/android-json-0.0.20131108.vaadin1.jar:/home/daniel/.m2/repository/org/springframework/spring-core/6.1.2/spring-core-6.1.2.jar:/home/daniel/.m2/repository/org/springframework/spring-jcl/6.1.2/spring-jcl-6.1.2.jar:/home/daniel/.m2/repository/org/springframework/spring-test/6.1.2/spring-test-6.1.2.jar:/home/daniel/.m2/repository/org/xmlunit/xmlunit-core/2.9.1/xmlunit-core-2.9.1.jar:/home/daniel/.m2/repository/javax/ws/rs/javax.ws.rs-api/2.1.1/javax.ws.rs-api-2.1.1.jar:/home/daniel/.m2/repository/org/jboss/resteasy/resteasy-client/3.0.2.Final/resteasy-client-3.0.2.Final.jar:/home/daniel/.m2/repository/org/jboss/resteasy/resteasy-jaxrs/3.0.2.Final/resteasy-jaxrs-3.0.2.Final.jar:/home/daniel/.m2/repository/org/jboss/resteasy/jaxrs-api/3.0.2.Final/jaxrs-api-3.0.2.Final.jar:/home/daniel/.m2/repository/org/slf4j/slf4j-simple/2.0.9/slf4j-simple-2.0.9.jar:/home/daniel/.m2/repository/org/scannotation/scannotation/1.0.3/scannotation-1.0.3.jar:/home/daniel/.m2/repository/javassist/javassist/3.12.1.GA/javassist-3.12.1.GA.jar:/home/daniel/.m2/repository/javax/annotation/jsr250-api/1.0/jsr250-api-1.0.jar:/home/daniel/.m2/repository/javax/activation/activation/1.1/activation-1.1.jar:/home/daniel/.m2/repository/org/apache/httpcomponents/httpclient/4.2.1/httpclient-4.2.1.jar:/home/daniel/.m2/repository/org/apache/httpcomponents/httpcore/4.4.16/httpcore-4.4.16.jar:/home/daniel/.m2/repository/commons-logging/commons-logging/1.1.1/commons-logging-1.1.1.jar:/home/daniel/.m2/repository/commons-codec/commons-codec/1.16.0/commons-codec-1.16.0.jar:/home/daniel/.m2/repository/commons-io/commons-io/2.1/commons-io-2.1.jar:/home/daniel/.m2/repository/net/jcip/jcip-annotations/1.0/jcip-annotations-1.0.jar:/home/daniel/.m2/repository/org/jboss/resteasy/resteasy-jackson-provider/2.3.4.Final/resteasy-jackson-provider-2.3.4.Final.jar:/home/daniel/.m2/repository/org/codehaus/jackson/jackson-core-asl/1.8.5/jackson-core-asl-1.8.5.jar:/home/daniel/.m2/repository/org/codehaus/jackson/jackson-mapper-asl/1.8.5/jackson-mapper-asl-1.8.5.jar:/home/daniel/.m2/repository/org/codehaus/jackson/jackson-jaxrs/1.8.5/jackson-jaxrs-1.8.5.jar:/home/daniel/.m2/repository/org/codehaus/jackson/jackson-xc/1.8.5/jackson-xc-1.8.5.jar:"/>
    <property name="sun.cpu.endian" value="little"/>
    <property name="user.home" value="/home/daniel"/>
    <property name="user.language" value="pt"/>
    <property name="java.specification.vendor" value="Oracle Corporation"/>
    <property name="java.version.date" value="2022-04-19"/>
    <property name="java.home" value="/home/daniel/.sdkman/candidates/java/17.0.3-zulu"/>
    <property name="file.separator" value="/"/>
    <property name="basedir" value="/home/daniel/development/Pessoal/java/int-test"/>
    <property name="java.vm.compressedOopsMode" value="Zero based"/>
    <property name="line.separator" value="&#10;"/>
    <property name="java.specification.name" value="Java Platform API Specification"/>
    <property name="java.vm.specification.vendor" value="Oracle Corporation"/>
    <property name="FILE_LOG_CHARSET" value="UTF-8"/>
    <property name="java.awt.headless" value="true"/>
    <property name="surefire.real.class.path" value="/home/daniel/development/Pessoal/java/int-test/target/surefire/surefirebooter-20240108224151604_3.jar"/>
    <property name="sun.management.compiler" value="HotSpot 64-Bit Tiered Compilers"/>
    <property name="java.runtime.version" value="17.0.3+7-LTS"/>
    <property name="user.name" value="daniel"/>
    <property name="path.separator" value=":"/>
    <property name="os.version" value="6.2.0-39-generic"/>
    <property name="java.runtime.name" value="OpenJDK Runtime Environment"/>
    <property name="file.encoding" value="UTF-8"/>
    <property name="java.vm.name" value="OpenJDK 64-Bit Server VM"/>
    <property name="java.vendor.version" value="Zulu17.34+19-CA"/>
    <property name="localRepository" value="/home/daniel/.m2/repository"/>
    <property name="java.vendor.url.bug" value="http://www.azul.com/support/"/>
    <property name="java.io.tmpdir" value="/tmp"/>
    <property name="java.version" value="17.0.3"/>
    <property name="user.dir" value="/home/daniel/development/Pessoal/java/int-test"/>
    <property name="os.arch" value="amd64"/>
    <property name="java.vm.specification.name" value="Java Virtual Machine Specification"/>
    <property name="PID" value="18478"/>
    <property name="CONSOLE_LOG_CHARSET" value="UTF-8"/>
    <property name="native.encoding" value="UTF-8"/>
    <property name="java.library.path" value="/usr/java/packages/lib:/usr/lib64:/lib64:/lib:/usr/lib"/>
    <property name="java.vm.info" value="mixed mode, sharing"/>
    <property name="java.vendor" value="Azul Systems, Inc."/>
    <property name="java.vm.version" value="17.0.3+7-LTS"/>
    <property name="sun.io.unicode.encoding" value="UnicodeLittle"/>
    <property name="java.class.version" value="61.0"/>
  </properties>
  <testcase name="contextLoads" classname="com.teste.integracao.inttest.IntTestApplicationTests" time="0.523">
    <system-out><![CDATA[22:41:52.134 [main] INFO org.springframework.test.context.support.AnnotationConfigContextLoaderUtils -- Could not detect default configuration classes for test class [com.teste.integracao.inttest.IntTestApplicationTests]: IntTestApplicationTests does not declare any static, non-private, non-final, nested classes annotated with @Configuration.
22:41:52.195 [main] INFO org.springframework.boot.test.context.SpringBootTestContextBootstrapper -- Found @SpringBootConfiguration com.teste.integracao.inttest.IntTestApplication for test class com.teste.integracao.inttest.IntTestApplicationTests

  .   ____          _            __ _ _
 /\\ / ___'_ __ _ _(_)_ __  __ _ \ \ \ \
( ( )\___ | '_ | '_| | '_ \/ _` | \ \ \ \
 \\/  ___)| |_)| | | | | || (_| |  ) ) ) )
  '  |____| .__|_| |_|_| |_\__, | / / / /
 =========|_|==============|___/=/_/_/_/
 :: Spring Boot ::                (v3.2.1)

2024-01-08T22:41:52.505-03:00  INFO 18478 --- [           main] c.t.i.inttest.IntTestApplicationTests    : Starting IntTestApplicationTests using Java 17.0.3 with PID 18478 (started by daniel in /home/daniel/development/Pessoal/java/int-test)
2024-01-08T22:41:52.506-03:00  INFO 18478 --- [           main] c.t.i.inttest.IntTestApplicationTests    : No active profile set, falling back to 1 default profile: "default"
2024-01-08T22:41:52.996-03:00  INFO 18478 --- [           main] f.a.AutowiredAnnotationBeanPostProcessor : Autowired annotation is not supported on static fields: public static java.lang.String com.teste.integracao.inttest.config.Bean.viacepHost
2024-01-08T22:41:53.280-03:00  INFO 18478 --- [           main] c.t.i.inttest.IntTestApplicationTests    : Started IntTestApplicationTests in 1.002 seconds (process running for 1.641)
]]></system-out>
    <system-err><![CDATA[SLF4J: Class path contains multiple SLF4J providers.
SLF4J: Found provider [ch.qos.logback.classic.spi.LogbackServiceProvider@79924b]
SLF4J: Found provider [org.slf4j.simple.SimpleServiceProvider@7b9a4292]
SLF4J: See https://www.slf4j.org/codes.html#multiple_bindings for an explanation.
SLF4J: Actual provider is of type [ch.qos.logback.classic.spi.LogbackServiceProvider@79924b]
]]></system-err>
  </testcase>
</testsuite>